[2023-03-22 11:03:10,991] INFO [Controller id=0 epoch=3] Sending UpdateMetadata request to brokers HashSet(0) for 0 partitions (state.change.logger)
[2023-03-22 11:03:11,047] INFO [Controller id=0 epoch=3] Sending LeaderAndIsr request to broker 0 with 53 become-leader and 0 become-follower partitions (state.change.logger)
[2023-03-22 11:03:11,049] INFO [Controller id=0 epoch=3] Sending UpdateMetadata request to brokers HashSet(0) for 53 partitions (state.change.logger)
[2023-03-22 11:03:11,114] INFO [Broker id=0] Handling LeaderAndIsr request correlationId 1 from controller 0 for 53 partitions (state.change.logger)
[2023-03-22 11:03:11,148] INFO [Broker id=0] Stopped fetchers as part of LeaderAndIsr request correlationId 1 from controller 0 epoch 3 as part of the become-leader transition for 53 partitions (state.change.logger)
[2023-03-22 11:03:11,156] INFO [Broker id=0] Leader __consumer_offsets-3 with topic id Some(rXhlZw8QQ1iUbK9Va1lH0g) starts at leader epoch 0 from offset 0 with partition epoch 0, high watermark 0, ISR [0], adding replicas [] and removing replicas []. Previous leader epoch was -1. (state.change.logger)
[2023-03-22 11:03:11,170] INFO [Broker id=0] Leader __consumer_offsets-18 with topic id Some(rXhlZw8QQ1iUbK9Va1lH0g) starts at leader epoch 0 from offset 0 with partition epoch 0, high watermark 0, ISR [0], adding replicas [] and removing replicas []. Previous leader epoch was -1. (state.change.logger)
[2023-03-22 11:03:11,179] INFO [Broker id=0] Leader __consumer_offsets-41 with topic id Some(rXhlZw8QQ1iUbK9Va1lH0g) starts at leader epoch 0 from offset 0 with partition epoch 0, high watermark 0, ISR [0], adding replicas [] and removing replicas []. Previous leader epoch was -1. (state.change.logger)
[2023-03-22 11:03:11,190] INFO [Broker id=0] Leader __consumer_offsets-10 with topic id Some(rXhlZw8QQ1iUbK9Va1lH0g) starts at leader epoch 0 from offset 0 with partition epoch 0, high watermark 0, ISR [0], adding replicas [] and removing replicas []. Previous leader epoch was -1. (state.change.logger)
[2023-03-22 11:03:11,200] INFO [Broker id=0] Leader __consumer_offsets-33 with topic id Some(rXhlZw8QQ1iUbK9Va1lH0g) starts at leader epoch 0 from offset 2 with partition epoch 0, high watermark 2, ISR [0], adding replicas [] and removing replicas []. Previous leader epoch was -1. (state.change.logger)
[2023-03-22 11:03:11,200] INFO [Broker id=0] Leader __consumer_offsets-48 with topic id Some(rXhlZw8QQ1iUbK9Va1lH0g) starts at leader epoch 0 from offset 0 with partition epoch 0, high watermark 0, ISR [0], adding replicas [] and removing replicas []. Previous leader epoch was -1. (state.change.logger)
[2023-03-22 11:03:11,210] INFO [Broker id=0] Leader __consumer_offsets-19 with topic id Some(rXhlZw8QQ1iUbK9Va1lH0g) starts at leader epoch 0 from offset 0 with partition epoch 0, high watermark 0, ISR [0], adding replicas [] and removing replicas []. Previous leader epoch was -1. (state.change.logger)
[2023-03-22 11:03:11,221] INFO [Broker id=0] Leader __consumer_offsets-34 with topic id Some(rXhlZw8QQ1iUbK9Va1lH0g) starts at leader epoch 0 from offset 0 with partition epoch 0, high watermark 0, ISR [0], adding replicas [] and removing replicas []. Previous leader epoch was -1. (state.change.logger)
[2023-03-22 11:03:11,231] INFO [Broker id=0] Leader __consumer_offsets-4 with topic id Some(rXhlZw8QQ1iUbK9Va1lH0g) starts at leader epoch 0 from offset 0 with partition epoch 0, high watermark 0, ISR [0], adding replicas [] and removing replicas []. Previous leader epoch was -1. (state.change.logger)
[2023-03-22 11:03:11,240] INFO [Broker id=0] Leader __consumer_offsets-11 with topic id Some(rXhlZw8QQ1iUbK9Va1lH0g) starts at leader epoch 0 from offset 0 with partition epoch 0, high watermark 0, ISR [0], adding replicas [] and removing replicas []. Previous leader epoch was -1. (state.change.logger)
[2023-03-22 11:03:11,252] INFO [Broker id=0] Leader __consumer_offsets-26 with topic id Some(rXhlZw8QQ1iUbK9Va1lH0g) starts at leader epoch 0 from offset 0 with partition epoch 0, high watermark 0, ISR [0], adding replicas [] and removing replicas []. Previous leader epoch was -1. (state.change.logger)
[2023-03-22 11:03:11,262] INFO [Broker id=0] Leader __consumer_offsets-49 with topic id Some(rXhlZw8QQ1iUbK9Va1lH0g) starts at leader epoch 0 from offset 0 with partition epoch 0, high watermark 0, ISR [0], adding replicas [] and removing replicas []. Previous leader epoch was -1. (state.change.logger)
[2023-03-22 11:03:11,271] INFO [Broker id=0] Leader __consumer_offsets-39 with topic id Some(rXhlZw8QQ1iUbK9Va1lH0g) starts at leader epoch 0 from offset 0 with partition epoch 0, high watermark 0, ISR [0], adding replicas [] and removing replicas []. Previous leader epoch was -1. (state.change.logger)
[2023-03-22 11:03:11,283] INFO [Broker id=0] Leader __consumer_offsets-9 with topic id Some(rXhlZw8QQ1iUbK9Va1lH0g) starts at leader epoch 0 from offset 0 with partition epoch 0, high watermark 0, ISR [0], adding replicas [] and removing replicas []. Previous leader epoch was -1. (state.change.logger)
[2023-03-22 11:03:11,292] INFO [Broker id=0] Leader __consumer_offsets-24 with topic id Some(rXhlZw8QQ1iUbK9Va1lH0g) starts at leader epoch 0 from offset 0 with partition epoch 0, high watermark 0, ISR [0], adding replicas [] and removing replicas []. Previous leader epoch was -1. (state.change.logger)
[2023-03-22 11:03:11,302] INFO [Broker id=0] Leader outboxevents-0 with topic id Some(9X9mVK5WRW-LDAYju0FOmA) starts at leader epoch 0 from offset 0 with partition epoch 0, high watermark 0, ISR [0], adding replicas [] and removing replicas []. Previous leader epoch was -1. (state.change.logger)
[2023-03-22 11:03:11,313] INFO [Broker id=0] Leader __consumer_offsets-31 with topic id Some(rXhlZw8QQ1iUbK9Va1lH0g) starts at leader epoch 0 from offset 0 with partition epoch 0, high watermark 0, ISR [0], adding replicas [] and removing replicas []. Previous leader epoch was -1. (state.change.logger)
[2023-03-22 11:03:11,323] INFO [Broker id=0] Leader __consumer_offsets-46 with topic id Some(rXhlZw8QQ1iUbK9Va1lH0g) starts at leader epoch 0 from offset 0 with partition epoch 0, high watermark 0, ISR [0], adding replicas [] and removing replicas []. Previous leader epoch was -1. (state.change.logger)
[2023-03-22 11:03:11,332] INFO [Broker id=0] Leader __consumer_offsets-1 with topic id Some(rXhlZw8QQ1iUbK9Va1lH0g) starts at leader epoch 0 from offset 0 with partition epoch 0, high watermark 0, ISR [0], adding replicas [] and removing replicas []. Previous leader epoch was -1. (state.change.logger)
[2023-03-22 11:03:11,344] INFO [Broker id=0] Leader __consumer_offsets-16 with topic id Some(rXhlZw8QQ1iUbK9Va1lH0g) starts at leader epoch 0 from offset 0 with partition epoch 0, high watermark 0, ISR [0], adding replicas [] and removing replicas []. Previous leader epoch was -1. (state.change.logger)
[2023-03-22 11:03:11,353] INFO [Broker id=0] Leader __consumer_offsets-2 with topic id Some(rXhlZw8QQ1iUbK9Va1lH0g) starts at leader epoch 0 from offset 0 with partition epoch 0, high watermark 0, ISR [0], adding replicas [] and removing replicas []. Previous leader epoch was -1. (state.change.logger)
[2023-03-22 11:03:11,362] INFO [Broker id=0] Leader __consumer_offsets-25 with topic id Some(rXhlZw8QQ1iUbK9Va1lH0g) starts at leader epoch 0 from offset 0 with partition epoch 0, high watermark 0, ISR [0], adding replicas [] and removing replicas []. Previous leader epoch was -1. (state.change.logger)
[2023-03-22 11:03:11,373] INFO [Broker id=0] Leader __consumer_offsets-40 with topic id Some(rXhlZw8QQ1iUbK9Va1lH0g) starts at leader epoch 0 from offset 0 with partition epoch 0, high watermark 0, ISR [0], adding replicas [] and removing replicas []. Previous leader epoch was -1. (state.change.logger)
[2023-03-22 11:03:11,383] INFO [Broker id=0] Leader __consumer_offsets-47 with topic id Some(rXhlZw8QQ1iUbK9Va1lH0g) starts at leader epoch 0 from offset 0 with partition epoch 0, high watermark 0, ISR [0], adding replicas [] and removing replicas []. Previous leader epoch was -1. (state.change.logger)
[2023-03-22 11:03:11,392] INFO [Broker id=0] Leader __consumer_offsets-17 with topic id Some(rXhlZw8QQ1iUbK9Va1lH0g) starts at leader epoch 0 from offset 0 with partition epoch 0, high watermark 0, ISR [0], adding replicas [] and removing replicas []. Previous leader epoch was -1. (state.change.logger)
[2023-03-22 11:03:11,403] INFO [Broker id=0] Leader __consumer_offsets-32 with topic id Some(rXhlZw8QQ1iUbK9Va1lH0g) starts at leader epoch 0 from offset 0 with partition epoch 0, high watermark 0, ISR [0], adding replicas [] and removing replicas []. Previous leader epoch was -1. (state.change.logger)
[2023-03-22 11:03:11,413] INFO [Broker id=0] Leader __consumer_offsets-37 with topic id Some(rXhlZw8QQ1iUbK9Va1lH0g) starts at leader epoch 0 from offset 0 with partition epoch 0, high watermark 0, ISR [0], adding replicas [] and removing replicas []. Previous leader epoch was -1. (state.change.logger)
[2023-03-22 11:03:11,422] INFO [Broker id=0] Leader __consumer_offsets-7 with topic id Some(rXhlZw8QQ1iUbK9Va1lH0g) starts at leader epoch 0 from offset 0 with partition epoch 0, high watermark 0, ISR [0], adding replicas [] and removing replicas []. Previous leader epoch was -1. (state.change.logger)
[2023-03-22 11:03:11,433] INFO [Broker id=0] Leader __consumer_offsets-22 with topic id Some(rXhlZw8QQ1iUbK9Va1lH0g) starts at leader epoch 0 from offset 0 with partition epoch 0, high watermark 0, ISR [0], adding replicas [] and removing replicas []. Previous leader epoch was -1. (state.change.logger)
[2023-03-22 11:03:11,443] INFO [Broker id=0] Leader __consumer_offsets-29 with topic id Some(rXhlZw8QQ1iUbK9Va1lH0g) starts at leader epoch 0 from offset 0 with partition epoch 0, high watermark 0, ISR [0], adding replicas [] and removing replicas []. Previous leader epoch was -1. (state.change.logger)
[2023-03-22 11:03:11,452] INFO [Broker id=0] Leader __consumer_offsets-44 with topic id Some(rXhlZw8QQ1iUbK9Va1lH0g) starts at leader epoch 0 from offset 0 with partition epoch 0, high watermark 0, ISR [0], adding replicas [] and removing replicas []. Previous leader epoch was -1. (state.change.logger)
[2023-03-22 11:03:11,463] INFO [Broker id=0] Leader __consumer_offsets-14 with topic id Some(rXhlZw8QQ1iUbK9Va1lH0g) starts at leader epoch 0 from offset 2 with partition epoch 0, high watermark 2, ISR [0], adding replicas [] and removing replicas []. Previous leader epoch was -1. (state.change.logger)
[2023-03-22 11:03:11,464] INFO [Broker id=0] Leader __consumer_offsets-23 with topic id Some(rXhlZw8QQ1iUbK9Va1lH0g) starts at leader epoch 0 from offset 0 with partition epoch 0, high watermark 0, ISR [0], adding replicas [] and removing replicas []. Previous leader epoch was -1. (state.change.logger)
[2023-03-22 11:03:11,473] INFO [Broker id=0] Leader __consumer_offsets-38 with topic id Some(rXhlZw8QQ1iUbK9Va1lH0g) starts at leader epoch 0 from offset 0 with partition epoch 0, high watermark 0, ISR [0], adding replicas [] and removing replicas []. Previous leader epoch was -1. (state.change.logger)
[2023-03-22 11:03:11,482] INFO [Broker id=0] Leader __consumer_offsets-8 with topic id Some(rXhlZw8QQ1iUbK9Va1lH0g) starts at leader epoch 0 from offset 0 with partition epoch 0, high watermark 0, ISR [0], adding replicas [] and removing replicas []. Previous leader epoch was -1. (state.change.logger)
[2023-03-22 11:03:11,493] INFO [Broker id=0] Leader __consumer_offsets-45 with topic id Some(rXhlZw8QQ1iUbK9Va1lH0g) starts at leader epoch 0 from offset 0 with partition epoch 0, high watermark 0, ISR [0], adding replicas [] and removing replicas []. Previous leader epoch was -1. (state.change.logger)
[2023-03-22 11:03:11,502] INFO [Broker id=0] Leader __consumer_offsets-15 with topic id Some(rXhlZw8QQ1iUbK9Va1lH0g) starts at leader epoch 0 from offset 0 with partition epoch 0, high watermark 0, ISR [0], adding replicas [] and removing replicas []. Previous leader epoch was -1. (state.change.logger)
[2023-03-22 11:03:11,512] INFO [Broker id=0] Leader __consumer_offsets-30 with topic id Some(rXhlZw8QQ1iUbK9Va1lH0g) starts at leader epoch 0 from offset 0 with partition epoch 0, high watermark 0, ISR [0], adding replicas [] and removing replicas []. Previous leader epoch was -1. (state.change.logger)
[2023-03-22 11:03:11,523] INFO [Broker id=0] Leader __consumer_offsets-0 with topic id Some(rXhlZw8QQ1iUbK9Va1lH0g) starts at leader epoch 0 from offset 0 with partition epoch 0, high watermark 0, ISR [0], adding replicas [] and removing replicas []. Previous leader epoch was -1. (state.change.logger)
[2023-03-22 11:03:11,532] INFO [Broker id=0] Leader __consumer_offsets-35 with topic id Some(rXhlZw8QQ1iUbK9Va1lH0g) starts at leader epoch 0 from offset 0 with partition epoch 0, high watermark 0, ISR [0], adding replicas [] and removing replicas []. Previous leader epoch was -1. (state.change.logger)
[2023-03-22 11:03:11,541] INFO [Broker id=0] Leader timer_created-0 with topic id Some(GgQBsio-RemtYFXRrVJgCA) starts at leader epoch 0 from offset 0 with partition epoch 0, high watermark 0, ISR [0], adding replicas [] and removing replicas []. Previous leader epoch was -1. (state.change.logger)
[2023-03-22 11:03:11,552] INFO [Broker id=0] Leader __consumer_offsets-5 with topic id Some(rXhlZw8QQ1iUbK9Va1lH0g) starts at leader epoch 0 from offset 0 with partition epoch 0, high watermark 0, ISR [0], adding replicas [] and removing replicas []. Previous leader epoch was -1. (state.change.logger)
[2023-03-22 11:03:11,561] INFO [Broker id=0] Leader __consumer_offsets-20 with topic id Some(rXhlZw8QQ1iUbK9Va1lH0g) starts at leader epoch 0 from offset 0 with partition epoch 0, high watermark 0, ISR [0], adding replicas [] and removing replicas []. Previous leader epoch was -1. (state.change.logger)
[2023-03-22 11:03:11,571] INFO [Broker id=0] Leader __consumer_offsets-27 with topic id Some(rXhlZw8QQ1iUbK9Va1lH0g) starts at leader epoch 0 from offset 0 with partition epoch 0, high watermark 0, ISR [0], adding replicas [] and removing replicas []. Previous leader epoch was -1. (state.change.logger)
[2023-03-22 11:03:11,582] INFO [Broker id=0] Leader outboxevents.public.outbox-0 with topic id Some(5pB7ioVBQUWrjAENIyh9pg) starts at leader epoch 0 from offset 0 with partition epoch 0, high watermark 0, ISR [0], adding replicas [] and removing replicas []. Previous leader epoch was -1. (state.change.logger)
[2023-03-22 11:03:11,591] INFO [Broker id=0] Leader __consumer_offsets-42 with topic id Some(rXhlZw8QQ1iUbK9Va1lH0g) starts at leader epoch 0 from offset 0 with partition epoch 0, high watermark 0, ISR [0], adding replicas [] and removing replicas []. Previous leader epoch was -1. (state.change.logger)
[2023-03-22 11:03:11,600] INFO [Broker id=0] Leader __consumer_offsets-12 with topic id Some(rXhlZw8QQ1iUbK9Va1lH0g) starts at leader epoch 0 from offset 1 with partition epoch 0, high watermark 1, ISR [0], adding replicas [] and removing replicas []. Previous leader epoch was -1. (state.change.logger)
[2023-03-22 11:03:11,600] INFO [Broker id=0] Leader __consumer_offsets-21 with topic id Some(rXhlZw8QQ1iUbK9Va1lH0g) starts at leader epoch 0 from offset 0 with partition epoch 0, high watermark 0, ISR [0], adding replicas [] and removing replicas []. Previous leader epoch was -1. (state.change.logger)
[2023-03-22 11:03:11,611] INFO [Broker id=0] Leader __consumer_offsets-36 with topic id Some(rXhlZw8QQ1iUbK9Va1lH0g) starts at leader epoch 0 from offset 0 with partition epoch 0, high watermark 0, ISR [0], adding replicas [] and removing replicas []. Previous leader epoch was -1. (state.change.logger)
[2023-03-22 11:03:11,621] INFO [Broker id=0] Leader __consumer_offsets-6 with topic id Some(rXhlZw8QQ1iUbK9Va1lH0g) starts at leader epoch 0 from offset 0 with partition epoch 0, high watermark 0, ISR [0], adding replicas [] and removing replicas []. Previous leader epoch was -1. (state.change.logger)
[2023-03-22 11:03:11,630] INFO [Broker id=0] Leader __consumer_offsets-43 with topic id Some(rXhlZw8QQ1iUbK9Va1lH0g) starts at leader epoch 0 from offset 0 with partition epoch 0, high watermark 0, ISR [0], adding replicas [] and removing replicas []. Previous leader epoch was -1. (state.change.logger)
[2023-03-22 11:03:11,641] INFO [Broker id=0] Leader __consumer_offsets-13 with topic id Some(rXhlZw8QQ1iUbK9Va1lH0g) starts at leader epoch 0 from offset 0 with partition epoch 0, high watermark 0, ISR [0], adding replicas [] and removing replicas []. Previous leader epoch was -1. (state.change.logger)
[2023-03-22 11:03:11,651] INFO [Broker id=0] Leader __consumer_offsets-28 with topic id Some(rXhlZw8QQ1iUbK9Va1lH0g) starts at leader epoch 0 from offset 0 with partition epoch 0, high watermark 0, ISR [0], adding replicas [] and removing replicas []. Previous leader epoch was -1. (state.change.logger)
[2023-03-22 11:03:11,676] INFO [Broker id=0] Finished LeaderAndIsr request in 562ms correlationId 1 from controller 0 for 53 partitions (state.change.logger)
[2023-03-22 11:03:11,686] INFO [Broker id=0] Add 53 partitions and deleted 0 partitions from metadata cache in response to UpdateMetadata request sent by controller 0 epoch 3 with correlation id 2 (state.change.logger)
